{
  "stats": {
    "suites": 2,
    "tests": 6,
    "passes": 6,
    "pending": 0,
    "failures": 0,
    "start": "2026-02-17T08:10:54.289Z",
    "end": "2026-02-17T08:11:06.633Z",
    "duration": 12344,
    "testsRegistered": 6,
    "passPercent": 100,
    "pendingPercent": 0,
    "other": 0,
    "hasOther": false,
    "skipped": 0,
    "hasSkipped": false
  },
  "results": [
    {
      "uuid": "f45bc771-d3dc-405c-bfe4-37e6928713dc",
      "title": "",
      "fullFile": "",
      "file": "",
      "beforeHooks": [],
      "afterHooks": [],
      "tests": [],
      "suites": [
        {
          "uuid": "714303dd-7076-4eeb-9fa5-c68ad7f1bc16",
          "title": "Saucedemo on chrome Test",
          "fullFile": "/Users/hansinsusatya/Desktop/QA-DigitalSkola/WebUI-Automation/tests/web/ui.test.js",
          "file": "/tests/web/ui.test.js",
          "beforeHooks": [
            {
              "title": "\"before all\" hook in \"Saucedemo on chrome Test\"",
              "fullTitle": "Saucedemo on chrome Test \"before all\" hook in \"Saucedemo on chrome Test\"",
              "timedOut": false,
              "duration": 6270,
              "state": null,
              "speed": null,
              "pass": false,
              "fail": false,
              "pending": false,
              "context": null,
              "code": "await setupInitialDriver(browser);\nawait driver.get(URL);\nawait login();",
              "err": {},
              "uuid": "b8b645e3-896a-4b34-a405-f9800e233539",
              "parentUUID": "714303dd-7076-4eeb-9fa5-c68ad7f1bc16",
              "isHook": true,
              "skipped": false
            }
          ],
          "afterHooks": [
            {
              "title": "\"after all\" hook in \"Saucedemo on chrome Test\"",
              "fullTitle": "Saucedemo on chrome Test \"after all\" hook in \"Saucedemo on chrome Test\"",
              "timedOut": false,
              "duration": 128,
              "state": null,
              "speed": null,
              "pass": false,
              "fail": false,
              "pending": false,
              "context": null,
              "code": "await driver.quit();",
              "err": {},
              "uuid": "d76a1c1a-97bf-4769-b812-2d68288bd753",
              "parentUUID": "714303dd-7076-4eeb-9fa5-c68ad7f1bc16",
              "isHook": true,
              "skipped": false
            }
          ],
          "tests": [
            {
              "title": "Login successfully",
              "fullTitle": "Saucedemo on chrome Test Login successfully",
              "timedOut": false,
              "duration": 225,
              "state": "passed",
              "speed": "slow",
              "pass": true,
              "fail": false,
              "pending": false,
              "context": null,
              "code": "// check sidebar and logout button\nconst sidebar = await driver.wait(\n  until.elementLocated(By.xpath('//div[@class=\"bm-menu-wrap\"]')),\n  1000,\n);\nawait driver.wait(until.elementIsVisible(sidebar), 5000, \"Sidebar should be displayed\");\nconst logoutAnchor = await driver.findElement(By.xpath('//a[@id=\"logout_sidebar_link\"]'));\nconst logoutText = await driver.executeScript(\n  \"return arguments[0].textContent;\",\n  logoutAnchor,\n);\nassert.strictEqual(logoutText, \"Logout\", \"Logout button should be displayed\");\n// check sort container should be displayed\nawait waitUntilSortOptionsLoaded();\nconst selectedOptionText = await driver\n  .findElement(By.xpath('//*[@class=\"active_option\"]'))\n  .getText();\nconst selectElement = await driver.findElement(\n  By.xpath('//select[@class=\"product_sort_container\"]'),\n);\nconst select = new Select(selectElement);\nconst firstOption = await select.getOptions().then((options) => options[0]);\nconst firstOptionText = await firstOption.getText();\nassert.strictEqual(selectedOptionText, firstOptionText);\n// check product displayed\nawait waitUntilProductsContainerLoaded();\nconst inventoryList = await driver.findElement(By.className(\"inventory_list\"));\nconst inventoryItems = await inventoryList.findElements(By.className(\"inventory_item\"));\nassert.strictEqual(inventoryItems.length, 6);",
              "err": {},
              "uuid": "d20d07f5-ab47-41ba-a199-75219fc5253d",
              "parentUUID": "714303dd-7076-4eeb-9fa5-c68ad7f1bc16",
              "isHook": false,
              "skipped": false
            },
            {
              "title": "Sort products by price (low to high)",
              "fullTitle": "Saucedemo on chrome Test Sort products by price (low to high)",
              "timedOut": false,
              "duration": 454,
              "state": "passed",
              "speed": "slow",
              "pass": true,
              "fail": false,
              "pending": false,
              "context": null,
              "code": "await chooseSortOption(SORT_PRICE_BY_ASC);\nawait findSortedProducts(SORT_PRICE_BY_ASC);",
              "err": {},
              "uuid": "a4e3af4e-b7c4-445b-a6a6-335aee704b75",
              "parentUUID": "714303dd-7076-4eeb-9fa5-c68ad7f1bc16",
              "isHook": false,
              "skipped": false
            },
            {
              "title": "Sort products by price (high to low)",
              "fullTitle": "Saucedemo on chrome Test Sort products by price (high to low)",
              "timedOut": false,
              "duration": 410,
              "state": "passed",
              "speed": "slow",
              "pass": true,
              "fail": false,
              "pending": false,
              "context": null,
              "code": "await chooseSortOption(SORT_PRICE_BY_DESC);\nawait findSortedProducts(SORT_PRICE_BY_DESC);",
              "err": {},
              "uuid": "290205ac-d24b-4ffb-b1e4-a52d14275271",
              "parentUUID": "714303dd-7076-4eeb-9fa5-c68ad7f1bc16",
              "isHook": false,
              "skipped": false
            }
          ],
          "suites": [],
          "passes": [
            "d20d07f5-ab47-41ba-a199-75219fc5253d",
            "a4e3af4e-b7c4-445b-a6a6-335aee704b75",
            "290205ac-d24b-4ffb-b1e4-a52d14275271"
          ],
          "failures": [],
          "pending": [],
          "skipped": [],
          "duration": 1089,
          "root": false,
          "rootEmpty": false,
          "_timeout": 60000
        },
        {
          "uuid": "9d575c99-1686-4dd6-b770-f0748ecb2296",
          "title": "Saucedemo on MicrosoftEdge Test",
          "fullFile": "/Users/hansinsusatya/Desktop/QA-DigitalSkola/WebUI-Automation/tests/web/ui.test.js",
          "file": "/tests/web/ui.test.js",
          "beforeHooks": [
            {
              "title": "\"before all\" hook in \"Saucedemo on MicrosoftEdge Test\"",
              "fullTitle": "Saucedemo on MicrosoftEdge Test \"before all\" hook in \"Saucedemo on MicrosoftEdge Test\"",
              "timedOut": false,
              "duration": 3572,
              "state": null,
              "speed": null,
              "pass": false,
              "fail": false,
              "pending": false,
              "context": null,
              "code": "await setupInitialDriver(browser);\nawait driver.get(URL);\nawait login();",
              "err": {},
              "uuid": "2571a96b-e15a-4376-b891-14e1bba62212",
              "parentUUID": "9d575c99-1686-4dd6-b770-f0748ecb2296",
              "isHook": true,
              "skipped": false
            }
          ],
          "afterHooks": [
            {
              "title": "\"after all\" hook in \"Saucedemo on MicrosoftEdge Test\"",
              "fullTitle": "Saucedemo on MicrosoftEdge Test \"after all\" hook in \"Saucedemo on MicrosoftEdge Test\"",
              "timedOut": false,
              "duration": 145,
              "state": null,
              "speed": null,
              "pass": false,
              "fail": false,
              "pending": false,
              "context": null,
              "code": "await driver.quit();",
              "err": {},
              "uuid": "158f46f6-cf51-4bcb-a441-8fbde58b7011",
              "parentUUID": "9d575c99-1686-4dd6-b770-f0748ecb2296",
              "isHook": true,
              "skipped": false
            }
          ],
          "tests": [
            {
              "title": "Login successfully",
              "fullTitle": "Saucedemo on MicrosoftEdge Test Login successfully",
              "timedOut": false,
              "duration": 307,
              "state": "passed",
              "speed": "slow",
              "pass": true,
              "fail": false,
              "pending": false,
              "context": null,
              "code": "// check sidebar and logout button\nconst sidebar = await driver.wait(\n  until.elementLocated(By.xpath('//div[@class=\"bm-menu-wrap\"]')),\n  1000,\n);\nawait driver.wait(until.elementIsVisible(sidebar), 5000, \"Sidebar should be displayed\");\nconst logoutAnchor = await driver.findElement(By.xpath('//a[@id=\"logout_sidebar_link\"]'));\nconst logoutText = await driver.executeScript(\n  \"return arguments[0].textContent;\",\n  logoutAnchor,\n);\nassert.strictEqual(logoutText, \"Logout\", \"Logout button should be displayed\");\n// check sort container should be displayed\nawait waitUntilSortOptionsLoaded();\nconst selectedOptionText = await driver\n  .findElement(By.xpath('//*[@class=\"active_option\"]'))\n  .getText();\nconst selectElement = await driver.findElement(\n  By.xpath('//select[@class=\"product_sort_container\"]'),\n);\nconst select = new Select(selectElement);\nconst firstOption = await select.getOptions().then((options) => options[0]);\nconst firstOptionText = await firstOption.getText();\nassert.strictEqual(selectedOptionText, firstOptionText);\n// check product displayed\nawait waitUntilProductsContainerLoaded();\nconst inventoryList = await driver.findElement(By.className(\"inventory_list\"));\nconst inventoryItems = await inventoryList.findElements(By.className(\"inventory_item\"));\nassert.strictEqual(inventoryItems.length, 6);",
              "err": {},
              "uuid": "8561e685-4fea-44e8-9e5e-83dfc2cd61b6",
              "parentUUID": "9d575c99-1686-4dd6-b770-f0748ecb2296",
              "isHook": false,
              "skipped": false
            },
            {
              "title": "Sort products by price (low to high)",
              "fullTitle": "Saucedemo on MicrosoftEdge Test Sort products by price (low to high)",
              "timedOut": false,
              "duration": 428,
              "state": "passed",
              "speed": "slow",
              "pass": true,
              "fail": false,
              "pending": false,
              "context": null,
              "code": "await chooseSortOption(SORT_PRICE_BY_ASC);\nawait findSortedProducts(SORT_PRICE_BY_ASC);",
              "err": {},
              "uuid": "cd5a4f26-80a5-4ec3-ba3b-1db00723fd01",
              "parentUUID": "9d575c99-1686-4dd6-b770-f0748ecb2296",
              "isHook": false,
              "skipped": false
            },
            {
              "title": "Sort products by price (high to low)",
              "fullTitle": "Saucedemo on MicrosoftEdge Test Sort products by price (high to low)",
              "timedOut": false,
              "duration": 392,
              "state": "passed",
              "speed": "slow",
              "pass": true,
              "fail": false,
              "pending": false,
              "context": null,
              "code": "await chooseSortOption(SORT_PRICE_BY_DESC);\nawait findSortedProducts(SORT_PRICE_BY_DESC);",
              "err": {},
              "uuid": "2a1e2e3c-39a0-438e-b17e-53ed322b8192",
              "parentUUID": "9d575c99-1686-4dd6-b770-f0748ecb2296",
              "isHook": false,
              "skipped": false
            }
          ],
          "suites": [],
          "passes": [
            "8561e685-4fea-44e8-9e5e-83dfc2cd61b6",
            "cd5a4f26-80a5-4ec3-ba3b-1db00723fd01",
            "2a1e2e3c-39a0-438e-b17e-53ed322b8192"
          ],
          "failures": [],
          "pending": [],
          "skipped": [],
          "duration": 1127,
          "root": false,
          "rootEmpty": false,
          "_timeout": 60000
        }
      ],
      "passes": [],
      "failures": [],
      "pending": [],
      "skipped": [],
      "duration": 0,
      "root": true,
      "rootEmpty": true,
      "_timeout": 60000
    }
  ],
  "meta": {
    "mocha": {
      "version": "11.7.5"
    },
    "mochawesome": {
      "options": {
        "quiet": false,
        "reportFilename": "mochawesome",
        "saveHtml": true,
        "saveJson": true,
        "consoleReporter": "spec",
        "useInlineDiffs": false,
        "code": true
      },
      "version": "7.1.4"
    },
    "marge": {
      "options": null,
      "version": "6.3.2"
    }
  }
}